  main.cpp
c:\users\george\desktop\stack\stack\main.cpp(8): warning C4566: character represented by universal-character-name '\u2588' cannot be represented in the current code page (1251)
c:\users\george\desktop\stack\stack\main.cpp(8): warning C4566: character represented by universal-character-name '\u2580' cannot be represented in the current code page (1251)
c:\users\george\desktop\stack\stack\main.cpp(8): warning C4566: character represented by universal-character-name '\u2591' cannot be represented in the current code page (1251)
c:\users\george\desktop\stack\stack\main.cpp(8): warning C4566: character represented by universal-character-name '\u2584' cannot be represented in the current code page (1251)
c:\users\george\desktop\stack\stack\main.cpp(9): warning C4566: character represented by universal-character-name '\u2588' cannot be represented in the current code page (1251)
c:\users\george\desktop\stack\stack\main.cpp(9): warning C4566: character represented by universal-character-name '\u2591' cannot be represented in the current code page (1251)
c:\users\george\desktop\stack\stack\main.cpp(9): warning C4566: character represented by universal-character-name '\u2584' cannot be represented in the current code page (1251)
c:\users\george\desktop\stack\stack\main.cpp(9): warning C4566: character represented by universal-character-name '\u2580' cannot be represented in the current code page (1251)
c:\users\george\desktop\stack\stack\main.cpp(10): warning C4566: character represented by universal-character-name '\u2580' cannot be represented in the current code page (1251)
c:\users\george\desktop\stack\stack\main.cpp(10): warning C4566: character represented by universal-character-name '\u2591' cannot be represented in the current code page (1251)
c:\users\george\desktop\stack\stack\main.cpp(11): warning C4566: character represented by universal-character-name '\u2591' cannot be represented in the current code page (1251)
c:\users\george\desktop\stack\stack\main.cpp(12): warning C4566: character represented by universal-character-name '\u2591' cannot be represented in the current code page (1251)
c:\users\george\desktop\stack\stack\main.cpp(12): warning C4566: character represented by universal-character-name '\u2588' cannot be represented in the current code page (1251)
c:\users\george\desktop\stack\stack\main.cpp(12): warning C4566: character represented by universal-character-name '\u2580' cannot be represented in the current code page (1251)
c:\users\george\desktop\stack\stack\main.cpp(12): warning C4566: character represented by universal-character-name '\u2584' cannot be represented in the current code page (1251)
c:\users\george\desktop\stack\stack\main.cpp(13): warning C4566: character represented by universal-character-name '\u2591' cannot be represented in the current code page (1251)
c:\users\george\desktop\stack\stack\main.cpp(13): warning C4566: character represented by universal-character-name '\u2588' cannot be represented in the current code page (1251)
c:\users\george\desktop\stack\stack\main.cpp(13): warning C4566: character represented by universal-character-name '\u2580' cannot be represented in the current code page (1251)
c:\users\george\desktop\stack\stack\main.cpp(14): warning C4566: character represented by universal-character-name '\u2591' cannot be represented in the current code page (1251)
c:\users\george\desktop\stack\stack\main.cpp(14): warning C4566: character represented by universal-character-name '\u2580' cannot be represented in the current code page (1251)
c:\users\george\desktop\stack\stack\main.cpp(14): warning C4566: character represented by universal-character-name '\u2588' cannot be represented in the current code page (1251)
c:\users\george\desktop\stack\stack\main.cpp(15): warning C4566: character represented by universal-character-name '\u2591' cannot be represented in the current code page (1251)
c:\users\george\desktop\stack\stack\main.cpp(16): warning C4566: character represented by universal-character-name '\u2591' cannot be represented in the current code page (1251)
c:\users\george\desktop\stack\stack\main.cpp(16): warning C4566: character represented by universal-character-name '\u2580' cannot be represented in the current code page (1251)
c:\users\george\desktop\stack\stack\main.cpp(16): warning C4566: character represented by universal-character-name '\u2588' cannot be represented in the current code page (1251)
c:\users\george\desktop\stack\stack\main.cpp(16): warning C4566: character represented by universal-character-name '\u2500' cannot be represented in the current code page (1251)
c:\users\george\desktop\stack\stack\main.cpp(17): warning C4566: character represented by universal-character-name '\u2591' cannot be represented in the current code page (1251)
c:\users\george\desktop\stack\stack\main.cpp(17): warning C4566: character represented by universal-character-name '\u2500' cannot be represented in the current code page (1251)
c:\users\george\desktop\stack\stack\main.cpp(17): warning C4566: character represented by universal-character-name '\u2588' cannot be represented in the current code page (1251)
c:\users\george\desktop\stack\stack\main.cpp(17): warning C4566: character represented by universal-character-name '\u2580' cannot be represented in the current code page (1251)
c:\users\george\desktop\stack\stack\main.cpp(18): warning C4566: character represented by universal-character-name '\u2591' cannot be represented in the current code page (1251)
c:\users\george\desktop\stack\stack\main.cpp(18): warning C4566: character represented by universal-character-name '\u2500' cannot be represented in the current code page (1251)
c:\users\george\desktop\stack\stack\main.cpp(18): warning C4566: character represented by universal-character-name '\u2588' cannot be represented in the current code page (1251)
c:\users\george\desktop\stack\stack\main.cpp(18): warning C4566: character represented by universal-character-name '\u2584' cannot be represented in the current code page (1251)
c:\users\george\desktop\stack\stack\main.cpp(19): warning C4566: character represented by universal-character-name '\u2591' cannot be represented in the current code page (1251)
c:\users\george\desktop\stack\stack\main.cpp(19): warning C4566: character represented by universal-character-name '\u2500' cannot be represented in the current code page (1251)
c:\users\george\desktop\stack\stack\main.cpp(19): warning C4566: character represented by universal-character-name '\u2588' cannot be represented in the current code page (1251)
c:\users\george\desktop\stack\stack\main.cpp(19): warning C4566: character represented by universal-character-name '\u2590' cannot be represented in the current code page (1251)
c:\users\george\desktop\stack\stack\main.cpp(20): warning C4566: character represented by universal-character-name '\u2591' cannot be represented in the current code page (1251)
c:\users\george\desktop\stack\stack\main.cpp(20): warning C4566: character represented by universal-character-name '\u2500' cannot be represented in the current code page (1251)
c:\users\george\desktop\stack\stack\main.cpp(20): warning C4566: character represented by universal-character-name '\u2580' cannot be represented in the current code page (1251)
c:\users\george\desktop\stack\stack\main.cpp(20): warning C4566: character represented by universal-character-name '\u2584' cannot be represented in the current code page (1251)
c:\users\george\desktop\stack\stack\main.cpp(20): warning C4566: character represented by universal-character-name '\u2588' cannot be represented in the current code page (1251)
c:\users\george\desktop\stack\stack\main.cpp(21): warning C4566: character represented by universal-character-name '\u2591' cannot be represented in the current code page (1251)
c:\users\george\desktop\stack\stack\main.cpp(22): warning C4566: character represented by universal-character-name '\u2591' cannot be represented in the current code page (1251)
c:\users\george\desktop\stack\stack\main.cpp(22): warning C4566: character represented by universal-character-name '\u2588' cannot be represented in the current code page (1251)
c:\users\george\desktop\stack\stack\main.cpp(22): warning C4566: character represented by universal-character-name '\u2580' cannot be represented in the current code page (1251)
c:\users\george\desktop\stack\stack\main.cpp(23): warning C4566: character represented by universal-character-name '\u2591' cannot be represented in the current code page (1251)
c:\users\george\desktop\stack\stack\main.cpp(23): warning C4566: character represented by universal-character-name '\u2588' cannot be represented in the current code page (1251)
c:\users\george\desktop\stack\stack\main.cpp(23): warning C4566: character represented by universal-character-name '\u2584' cannot be represented in the current code page (1251)
c:\users\george\desktop\stack\stack\main.cpp(23): warning C4566: character represented by universal-character-name '\u2580' cannot be represented in the current code page (1251)
c:\users\george\desktop\stack\stack\main.cpp(24): warning C4566: character represented by universal-character-name '\u2591' cannot be represented in the current code page (1251)
c:\users\george\desktop\stack\stack\main.cpp(24): warning C4566: character represented by universal-character-name '\u2588' cannot be represented in the current code page (1251)
c:\users\george\desktop\stack\stack\main.cpp(24): warning C4566: character represented by universal-character-name '\u2584' cannot be represented in the current code page (1251)
c:\users\george\desktop\stack\stack\main.cpp(25): warning C4566: character represented by universal-character-name '\u2591' cannot be represented in the current code page (1251)
c:\users\george\desktop\stack\stack\main.cpp(25): warning C4566: character represented by universal-character-name '\u2588' cannot be represented in the current code page (1251)
c:\users\george\desktop\stack\stack\main.cpp(25): warning C4566: character represented by universal-character-name '\u2584' cannot be represented in the current code page (1251)
  Stack.cpp
  Generating Code...
  Stack.vcxproj -> C:\Users\George\Desktop\Stack\Debug\Stack.exe
